This file contains any messages produced by compilers while
running configure, to aid debugging if configure makes a mistake.

configure:609: checking whether to enable maintainer-specific portions of Makefiles
configure:634: checking for makeinfo
configure:680: checking for perl
configure:720: checking host system type
configure:743: checking build system type
configure:769: checking for ar
configure:801: checking for ranlib
configure:870: checking for gcc
configure:949: checking whether we are using GNU C
configure:974: checking whether gcc accepts -g
configure:1006: checking whether gcc and cc understand -c and -o together
configure:1066: checking for POSIXized ISC
configure:1087: checking for working const
configure:1162: checking for inline
configure:1219: checking for a BSD compatible install
configure:1280: checking how to run the C preprocessor
configure:1363: checking for sys/file.h
configure:1363: checking for sys/param.h
configure:1363: checking for limits.h
configure:1363: checking for stdlib.h
configure:1363: checking for string.h
configure:1363: checking for unistd.h
configure:1363: checking for strings.h
configure:1363: checking for sys/time.h
configure:1363: checking for time.h
configure:1363: checking for sys/resource.h
configure:1363: checking for sys/stat.h
configure:1363: checking for sys/mman.h
configure:1363: checking for fcntl.h
configure:1363: checking for alloca.h
configure:1363: checking for dlfcn.h
configure:1400: checking for sys/wait.h that is POSIX.1 compatible
configure:1442: checking whether time.h and sys/time.h may both be included
configure:1478: checking whether errno must be declared
configure:1512: checking for ANSI C header files
configure:1616: checking for uintptr_t
configure:1658: checking whether weak symbol works
configure:1696: checking for library containing dlopen
configure:1765: checking for pid_t
configure:2443: checking whether the C compiler (gcc -g -O2 ) works
configure:2459: gcc -o conftest -g -O2   conftest.c -ldl  1>&5
configure:2485: checking whether the C compiler (gcc -g -O2 ) is a cross-compiler
configure:2492: checking for asprintf
configure:2492: checking for atexit
configure:2492: checking for basename
configure:2492: checking for bcmp
configure:2492: checking for bcopy
configure:2492: checking for bsearch
configure:2492: checking for bzero
configure:2492: checking for calloc
configure:2492: checking for clock
configure:2492: checking for ffs
configure:2492: checking for getcwd
configure:2492: checking for getpagesize
configure:2492: checking for index
configure:2492: checking for insque
configure:2492: checking for memchr
configure:2492: checking for memcmp
configure:2492: checking for memcpy
configure:2492: checking for memmove
configure:2492: checking for memset
configure:2492: checking for mkstemps
configure:2492: checking for putenv
configure:2492: checking for random
configure:2492: checking for rename
configure:2492: checking for rindex
configure:2492: checking for setenv
configure:2492: checking for sigsetmask
configure:2492: checking for strcasecmp
configure:2492: checking for strchr
configure:2492: checking for strdup
configure:2492: checking for strncasecmp
configure:2492: checking for strrchr
configure:2492: checking for strstr
configure:2492: checking for strtod
configure:2492: checking for strtol
configure:2492: checking for strtoul
configure:2492: checking for tmpnam
configure:2492: checking for vasprintf
configure:2492: checking for vfprintf
configure:2492: checking for vprintf
configure:2492: checking for vsprintf
configure:2492: checking for waitpid
configure:2547: checking whether alloca needs Cray hooks
configure:2631: checking stack direction for C alloca
configure:2680: checking for vfork.h
configure:2715: checking for working vfork
configure:2956: checking for _doprnt
configure:3012: checking for sys_errlist
configure:3012: checking for sys_nerr
configure:3012: checking for sys_siglist
configure:3050: checking for getrusage
configure:3050: checking for on_exit
configure:3050: checking for psignal
configure:3050: checking for strerror
configure:3050: checking for strsignal
configure:3050: checking for sysconf
configure:3050: checking for times
configure:3050: checking for sbrk
configure:3050: checking for gettimeofday
configure:3108: checking for stdlib.h
configure:3108: checking for unistd.h
configure:3108: checking for sys/stat.h
configure:3108: checking for sys/types.h
configure:3147: checking for getpagesize
configure:3200: checking for working mmap
configure:3385: checking for working strncmp
