This file contains any messages produced by compilers while
running configure, to aid debugging if configure makes a mistake.

configure:556: checking for Cygwin environment
configure:589: checking for mingw32 environment
configure:666: checking host system type
configure:687: checking target system type
configure:705: checking build system type
configure:730: checking for gcc
configure:843: checking whether the C compiler (gcc  ) works
configure:859: gcc -o conftest    conftest.c  1>&5
configure:885: checking whether the C compiler (gcc  ) is a cross-compiler
configure:890: checking whether we are using GNU C
configure:918: checking whether gcc accepts -g
configure:950: checking for POSIXized ISC
configure:983: checking for a BSD compatible install
configure:1036: checking whether build environment is sane
configure:1093: checking whether make sets ${MAKE}
configure:1139: checking for working aclocal
configure:1152: checking for working autoconf
configure:1165: checking for working automake
configure:1178: checking for working autoheader
configure:1191: checking for working makeinfo
configure:1227: checking for ar
configure:1259: checking for ranlib
configure:1406: checking for ld used by GCC
configure:1474: checking if the linker (/usr/bin/ld) is GNU ld
configure:1491: checking for /usr/bin/ld option to reload object files
configure:1503: checking for BSD-compatible nm
configure:1541: checking whether ln -s works
configure:1562: checking how to recognise dependant libraries
configure:1729: checking for object suffix
configure:1755: checking for executable suffix
configure:1792: checking for file
configure:1925: checking for ranlib
configure:1992: checking for strip
ltconfig:678:checking for gcc option to produce PIC
ltconfig:687:checking that gcc PIC flag  -fPIC -DPIC works.
ltconfig:749: checking if gcc static flag -static works
ltconfig:780: finding the maximum length of command line arguments
ltconfig:@lineno@: result: 49153
ltconfig:887: checking if gcc supports -fno-rtti -fno-exceptions
ltconfig:888: gcc -c -g -O2 -fno-rtti -fno-exceptions -c conftest.c  conftest.c 1>&5
ltconfig:1431: checking if global_symbol_pipe works
ltconfig:1432: gcc -c -g -O2  conftest.c 1>&5
ltconfig:1435: eval "/usr/bin/nm -B conftest.o | sed -n -e 's/^.*[ 	]\([ABCDGISTW][ABCDGISTW]*\)[ 	][ 	]*\(\)\([_A-Za-z][_A-Za-z0-9]*\)$/\1 \2\3 \3/p' > conftest.nm"
ltconfig:1487: gcc -o conftest -g -O2 -fno-builtin -fno-rtti -fno-exceptions   conftest.c conftstm.o 1>&5
configure:2339: checking whether to enable maintainer-specific portions of Makefiles
configure:2362: checking whether to install libbfd
configure:2399: checking for executable suffix
configure:2439: checking for gcc
configure:2552: checking whether the C compiler (gcc -g -O2 ) works
configure:2568: gcc -o conftest -g -O2   conftest.c  1>&5
configure:2594: checking whether the C compiler (gcc -g -O2 ) is a cross-compiler
configure:2599: checking whether we are using GNU C
configure:2627: checking whether gcc accepts -g
configure:2661: checking how to run the C preprocessor
configure:2743: checking for ranlib
configure:2771: checking for ANSI C header files
configure:2875: checking for working const
configure:2950: checking for inline
configure:2990: checking for off_t
configure:3023: checking for size_t
configure:3058: checking for working alloca.h
configure:3091: checking for alloca
configure:3293: checking for stdlib.h
configure:3293: checking for unistd.h
configure:3293: checking for sys/stat.h
configure:3293: checking for sys/types.h
configure:3332: checking for getpagesize
configure:3385: checking for working mmap
configure:3574: checking for argz.h
configure:3574: checking for limits.h
configure:3574: checking for locale.h
configure:3574: checking for nl_types.h
configure:3574: checking for malloc.h
configure:3574: checking for string.h
configure:3574: checking for unistd.h
configure:3574: checking for values.h
configure:3574: checking for sys/param.h
configure:3614: checking for getcwd
configure:3614: checking for munmap
configure:3614: checking for putenv
configure:3614: checking for setenv
configure:3614: checking for setlocale
configure:3614: checking for strchr
configure:3614: checking for strcasecmp
configure:3614: checking for __argz_count
configure:3614: checking for __argz_stringify
configure:3614: checking for __argz_next
configure:3733: checking for LC_MESSAGES
configure:3766: checking whether NLS is requested
configure:3786: checking whether included gettext is requested
configure:3805: checking for libintl.h
configure:3832: checking for gettext in libc
configure:3935: checking for msgfmt
configure:3969: checking for dcgettext
configure:4024: checking for gmsgfmt
configure:4060: checking for xgettext
configure:4100: gcc -o conftest -g -O2   conftest.c  1>&5
configure:4292: checking for catalogs to be installed
configure:4408: checking for a BSD compatible install
configure:4519: checking for stddef.h
configure:4519: checking for string.h
configure:4519: checking for strings.h
configure:4519: checking for stdlib.h
configure:4519: checking for time.h
configure:4519: checking for unistd.h
configure:4559: checking for fcntl.h
configure:4559: checking for sys/file.h
configure:4559: checking for sys/time.h
configure:4596: checking whether time.h and sys/time.h may both be included
configure:4635: checking for dirent.h that defines DIR
configure:4673: checking for opendir in -ldir
configure:4758: checking for fcntl
configure:4758: checking for getpagesize
configure:4758: checking for setitimer
configure:4758: checking for sysconf
configure:4758: checking for fdopen
configure:4758: checking for getuid
configure:4758: checking for getgid
configure:4821: checking whether strstr must be declared
configure:4868: checking whether malloc must be declared
configure:4915: checking whether realloc must be declared
configure:4962: checking whether free must be declared
configure:5009: checking whether getenv must be declared
configure:5299: checking for sys/procfs.h
configure:5337: checking for prstatus_t in sys/procfs.h
configure:5373: checking for prstatus32_t in sys/procfs.h
configure:5409: checking for prstatus_t.pr_who in sys/procfs.h
configure:5445: checking for prstatus32_t.pr_who in sys/procfs.h
configure:5481: checking for pstatus_t in sys/procfs.h
configure:5517: checking for pxstatus_t in sys/procfs.h
configure:5553: checking for pstatus32_t in sys/procfs.h
configure:5589: checking for prpsinfo_t in sys/procfs.h
configure:5625: checking for prpsinfo32_t in sys/procfs.h
configure:5661: checking for psinfo_t in sys/procfs.h
configure:5697: checking for psinfo32_t in sys/procfs.h
configure:5733: checking for lwpstatus_t in sys/procfs.h
configure:5769: checking for lwpxstatus_t in sys/procfs.h
configure:5805: checking for lwpstatus_t.pr_context in sys/procfs.h
configure:5841: checking for lwpstatus_t.pr_reg in sys/procfs.h
configure:5877: checking for win32_pstatus_t in sys/procfs.h
configure:6368: checking for stdlib.h
configure:6368: checking for unistd.h
configure:6368: checking for sys/stat.h
configure:6368: checking for sys/types.h
configure:6407: checking for getpagesize
configure:6460: checking for working mmap
configure:6646: checking for madvise
configure:6646: checking for mprotect
